Command line:
   Memory_isim_beh.exe
     -simmode  gui
     -simrunnum  0
     -socket  62067

Sat May 13 03:45:34 2017


 Elaboration Time: 0.03125 sec

 Current Memory Usage: 938.32 Meg

 Total Signals          : 17
 Total Nets             : 104
 Total Signal Drivers   : 7
 Total Blocks           : 2
 Total Primitive Blocks : 2
 Total Processes        : 9
 Total Traceable Variables  : 23
 Total Scalar Nets and Variables : 134217978
Total Line Count : 54

 Total Simulation Time: 0.09375 sec

 Current Memory Usage: 938.32 Meg

Sat May 13 03:45:38 2017

