Running: D:\Xilinx\ISE_DS\ISE\bin\nt\unwrapped\fuse.exe -intstyle ise -incremental -lib unisims_ver -lib unimacro_ver -lib xilinxcorelib_ver -o D:/Google Downloads/lab4_cow/lab4_cow/MemoryTest_isim_beh.exe -prj D:/Google Downloads/lab4_cow/lab4_cow/MemoryTest_beh.prj work.MemoryTest work.glbl 
ISim M.81d (signature 0xcb73ee62)
Number of CPUs detected in this system: 4
Turning on mult-threading, number of parallel sub-compilation jobs: 8 
Determining compilation order of HDL files
Analyzing Verilog file \"D:/Google Downloads/lab4_cow/lab4_cow/Memory.v\" into library work
Analyzing Verilog file \"D:/Google Downloads/lab4_cow/lab4_cow/MemoryTest.v\" into library work
Analyzing Verilog file \"D:/Xilinx/ISE_DS/ISE//verilog/src/glbl.v\" into library work
Starting static elaboration
Completed static elaboration
Fuse Memory Usage: 186760 KB
Fuse CPU Usage: 62 ms
Compiling module Memory
Compiling module MemoryTest
Compiling module glbl
Time Resolution for simulation is 1ps.
Waiting for 1 sub-compilation(s) to finish...
Compiled 3 Verilog Units
Built simulation executable D:/Google Downloads/lab4_cow/lab4_cow/MemoryTest_isim_beh.exe
Fuse Memory Usage: 192232 KB
Fuse CPU Usage: 124 ms
