--------------------------------------------------------------------------------
Release 12.4 Trace  (nt64)
Copyright (c) 1995-2010 Xilinx, Inc.  All rights reserved.

C:\Xilinx\12.4\ISE_DS\ISE\bin\nt64\unwrapped\trce.exe -intstyle ise -v 3 -s 5
-n 3 -fastpaths -xml counter.twx counter.ncd -o counter.twr counter.pcf

Design file:              counter.ncd
Physical constraint file: counter.pcf
Device,package,speed:     xc3s100e,cp132,-5 (PRODUCTION 1.27 2010-11-18)
Report level:             verbose report

Environment Variable      Effect 
--------------------      ------ 
NONE                      No environment variables were set
--------------------------------------------------------------------------------

INFO:Timing:2698 - No timing constraints found, doing default enumeration.
INFO:Timing:2752 - To get complete path coverage, use the unconstrained paths 
   option. All paths that are not constrained will be reported in the 
   unconstrained paths section(s) of the report.
INFO:Timing:3339 - The clock-to-out numbers in this timing report are based on 
   a 50 Ohm transmission line loading model.  For the details of this model, 
   and for more information on accounting for different loading conditions, 
   please see the device datasheet.
INFO:Timing:3390 - This architecture does not support a default System Jitter 
   value, please add SYSTEM_JITTER constraint to the UCF to modify the Clock 
   Uncertainty calculation.
INFO:Timing:3389 - This architecture does not support 'Discrete Jitter' and 
   'Phase Error' calculations, these terms will be zero in the Clock 
   Uncertainty calculation.  Please make appropriate modification to 
   SYSTEM_JITTER to account for the unsupported Discrete Jitter and Phase 
   Error.



Data Sheet report:
-----------------
All values displayed in nanoseconds (ns)

Setup/Hold to clock clock
------------+------------+------------+------------------+--------+
            |Max Setup to|Max Hold to |                  | Clock  |
Source      | clk (edge) | clk (edge) |Internal Clock(s) | Phase  |
------------+------------+------------+------------------+--------+
enable      |    1.773(R)|   -0.317(R)|clock_BUFGP       |   0.000|
reset       |    1.755(R)|   -0.303(R)|clock_BUFGP       |   0.000|
------------+------------+------------+------------------+--------+

Clock clock to Pad
--------------+------------+------------------+--------+
              | clk (edge) |                  | Clock  |
Destination   |   to PAD   |Internal Clock(s) | Phase  |
--------------+------------+------------------+--------+
counter_out<0>|    6.646(R)|clock_BUFGP       |   0.000|
counter_out<1>|    6.698(R)|clock_BUFGP       |   0.000|
counter_out<2>|    7.427(R)|clock_BUFGP       |   0.000|
counter_out<3>|    7.183(R)|clock_BUFGP       |   0.000|
--------------+------------+------------------+--------+

Clock to Setup on destination clock clock
---------------+---------+---------+---------+---------+
               | Src:Rise| Src:Fall| Src:Rise| Src:Fall|
Source Clock   |Dest:Rise|Dest:Rise|Dest:Fall|Dest:Fall|
---------------+---------+---------+---------+---------+
clock          |    1.899|         |         |         |
---------------+---------+---------+---------+---------+


Analysis completed Fri Apr 01 01:01:15 2016 
--------------------------------------------------------------------------------

Trace Settings:
-------------------------
Trace Settings 

Peak Memory Usage: 143 MB



